2019-09-30 04:29:40,783 INFO 424 [Timer] D:\AllCode\svntest\node_modules\egg-multipart\app\schedule\clean_tmpdir.js next time will execute after 86419227ms at 2019-10-01 04:30:00.010
2019-09-30 04:29:40,773 INFO 15636 [Job#15697889807739922968073662351] D:\AllCode\svntest\node_modules\egg-multipart\app\schedule\clean_tmpdir.js executing by app
2019-09-30 04:29:40,780 INFO 15636 [Job#15697889807739922968073662351] D:\AllCode\svntest\node_modules\egg-multipart\app\schedule\clean_tmpdir.js execute succeed, used 7ms
2019-09-30 09:02:45,062 INFO 3016 [egg-schedule]: register schedule D:\AllCode\svntest\node_modules\egg-multipart\app\schedule\clean_tmpdir.js
2019-09-30 09:02:45,062 INFO 3016 [egg-schedule]: register schedule D:\AllCode\svntest\node_modules\egg-logrotator\app\schedule\clean_log.js
2019-09-30 09:02:45,062 INFO 3016 [egg-schedule]: register schedule D:\AllCode\svntest\node_modules\egg-logrotator\app\schedule\rotate_by_file.js
2019-09-30 09:02:47,258 INFO 15004 [egg-schedule]: register schedule D:\AllCode\svntest\node_modules\egg-multipart\app\schedule\clean_tmpdir.js
2019-09-30 09:02:47,258 INFO 15004 [egg-schedule]: register schedule D:\AllCode\svntest\node_modules\egg-logrotator\app\schedule\clean_log.js
2019-09-30 09:02:47,258 INFO 15004 [egg-schedule]: register schedule D:\AllCode\svntest\node_modules\egg-logrotator\app\schedule\rotate_by_file.js
2019-09-30 09:08:58,584 INFO 10064 [egg-schedule]: register schedule D:\AllCode\svntest\node_modules\egg-multipart\app\schedule\clean_tmpdir.js
2019-09-30 09:08:58,584 INFO 10064 [egg-schedule]: register schedule D:\AllCode\svntest\node_modules\egg-logrotator\app\schedule\clean_log.js
2019-09-30 09:08:58,584 INFO 10064 [egg-schedule]: register schedule D:\AllCode\svntest\node_modules\egg-logrotator\app\schedule\rotate_by_file.js
2019-09-30 09:09:00,589 INFO 17840 [egg-schedule]: register schedule D:\AllCode\svntest\node_modules\egg-multipart\app\schedule\clean_tmpdir.js
2019-09-30 09:09:00,589 INFO 17840 [egg-schedule]: register schedule D:\AllCode\svntest\node_modules\egg-logrotator\app\schedule\clean_log.js
2019-09-30 09:09:00,589 INFO 17840 [egg-schedule]: register schedule D:\AllCode\svntest\node_modules\egg-logrotator\app\schedule\rotate_by_file.js
2019-09-30 09:09:13,660 INFO 13608 [egg-schedule]: register schedule D:\AllCode\svntest\node_modules\egg-multipart\app\schedule\clean_tmpdir.js
2019-09-30 09:09:13,660 INFO 13608 [egg-schedule]: register schedule D:\AllCode\svntest\node_modules\egg-logrotator\app\schedule\clean_log.js
2019-09-30 09:09:13,660 INFO 13608 [egg-schedule]: register schedule D:\AllCode\svntest\node_modules\egg-logrotator\app\schedule\rotate_by_file.js
2019-09-30 09:09:52,162 INFO 17348 [egg-schedule]: register schedule D:\AllCode\svntest\node_modules\egg-multipart\app\schedule\clean_tmpdir.js
2019-09-30 09:09:52,162 INFO 17348 [egg-schedule]: register schedule D:\AllCode\svntest\node_modules\egg-logrotator\app\schedule\clean_log.js
2019-09-30 09:09:52,163 INFO 17348 [egg-schedule]: register schedule D:\AllCode\svntest\node_modules\egg-logrotator\app\schedule\rotate_by_file.js
2019-09-30 09:09:54,173 INFO 1112 [egg-schedule]: register schedule D:\AllCode\svntest\node_modules\egg-multipart\app\schedule\clean_tmpdir.js
2019-09-30 09:09:54,173 INFO 1112 [egg-schedule]: register schedule D:\AllCode\svntest\node_modules\egg-logrotator\app\schedule\clean_log.js
2019-09-30 09:09:54,174 INFO 1112 [egg-schedule]: register schedule D:\AllCode\svntest\node_modules\egg-logrotator\app\schedule\rotate_by_file.js
2019-09-30 09:11:31,202 INFO 10924 [egg-schedule]: register schedule D:\AllCode\svntest\node_modules\egg-multipart\app\schedule\clean_tmpdir.js
2019-09-30 09:11:31,202 INFO 10924 [egg-schedule]: register schedule D:\AllCode\svntest\node_modules\egg-logrotator\app\schedule\clean_log.js
2019-09-30 09:11:31,202 INFO 10924 [egg-schedule]: register schedule D:\AllCode\svntest\node_modules\egg-logrotator\app\schedule\rotate_by_file.js
2019-09-30 09:11:33,315 INFO 14428 [egg-schedule]: register schedule D:\AllCode\svntest\node_modules\egg-multipart\app\schedule\clean_tmpdir.js
2019-09-30 09:11:33,315 INFO 14428 [egg-schedule]: register schedule D:\AllCode\svntest\node_modules\egg-logrotator\app\schedule\clean_log.js
2019-09-30 09:11:33,315 INFO 14428 [egg-schedule]: register schedule D:\AllCode\svntest\node_modules\egg-logrotator\app\schedule\rotate_by_file.js
2019-09-30 09:11:43,462 INFO 17156 [egg-schedule]: register schedule D:\AllCode\svntest\node_modules\egg-multipart\app\schedule\clean_tmpdir.js
2019-09-30 09:11:43,462 INFO 17156 [egg-schedule]: register schedule D:\AllCode\svntest\node_modules\egg-logrotator\app\schedule\clean_log.js
2019-09-30 09:11:43,462 INFO 17156 [egg-schedule]: register schedule D:\AllCode\svntest\node_modules\egg-logrotator\app\schedule\rotate_by_file.js
2019-09-30 09:11:58,432 INFO 9672 [egg-schedule]: register schedule D:\AllCode\svntest\node_modules\egg-multipart\app\schedule\clean_tmpdir.js
2019-09-30 09:11:58,432 INFO 9672 [egg-schedule]: register schedule D:\AllCode\svntest\node_modules\egg-logrotator\app\schedule\clean_log.js
2019-09-30 09:11:58,432 INFO 9672 [egg-schedule]: register schedule D:\AllCode\svntest\node_modules\egg-logrotator\app\schedule\rotate_by_file.js
2019-09-30 09:12:06,027 INFO 4756 [egg-schedule]: register schedule D:\AllCode\svntest\node_modules\egg-multipart\app\schedule\clean_tmpdir.js
2019-09-30 09:12:06,027 INFO 4756 [egg-schedule]: register schedule D:\AllCode\svntest\node_modules\egg-logrotator\app\schedule\clean_log.js
2019-09-30 09:12:06,027 INFO 4756 [egg-schedule]: register schedule D:\AllCode\svntest\node_modules\egg-logrotator\app\schedule\rotate_by_file.js
2019-09-30 09:12:36,383 INFO 12336 [egg-schedule]: register schedule D:\AllCode\svntest\node_modules\egg-multipart\app\schedule\clean_tmpdir.js
2019-09-30 09:12:36,383 INFO 12336 [egg-schedule]: register schedule D:\AllCode\svntest\node_modules\egg-logrotator\app\schedule\clean_log.js
2019-09-30 09:12:36,383 INFO 12336 [egg-schedule]: register schedule D:\AllCode\svntest\node_modules\egg-logrotator\app\schedule\rotate_by_file.js
2019-09-30 09:13:43,655 INFO 17184 [egg-schedule]: register schedule D:\AllCode\svntest\node_modules\egg-multipart\app\schedule\clean_tmpdir.js
2019-09-30 09:13:43,655 INFO 17184 [egg-schedule]: register schedule D:\AllCode\svntest\node_modules\egg-logrotator\app\schedule\clean_log.js
2019-09-30 09:13:43,655 INFO 17184 [egg-schedule]: register schedule D:\AllCode\svntest\node_modules\egg-logrotator\app\schedule\rotate_by_file.js
2019-09-30 09:14:30,971 INFO 13472 [egg-schedule]: register schedule D:\AllCode\svntest\node_modules\egg-multipart\app\schedule\clean_tmpdir.js
2019-09-30 09:14:30,971 INFO 13472 [egg-schedule]: register schedule D:\AllCode\svntest\node_modules\egg-logrotator\app\schedule\clean_log.js
2019-09-30 09:14:30,971 INFO 13472 [egg-schedule]: register schedule D:\AllCode\svntest\node_modules\egg-logrotator\app\schedule\rotate_by_file.js
2019-09-30 09:14:33,093 INFO 7956 [egg-schedule]: register schedule D:\AllCode\svntest\node_modules\egg-multipart\app\schedule\clean_tmpdir.js
2019-09-30 09:14:33,093 INFO 7956 [egg-schedule]: register schedule D:\AllCode\svntest\node_modules\egg-logrotator\app\schedule\clean_log.js
2019-09-30 09:14:33,093 INFO 7956 [egg-schedule]: register schedule D:\AllCode\svntest\node_modules\egg-logrotator\app\schedule\rotate_by_file.js
2019-09-30 09:14:35,095 INFO 9148 [egg-schedule]: register schedule D:\AllCode\svntest\node_modules\egg-multipart\app\schedule\clean_tmpdir.js
2019-09-30 09:14:35,095 INFO 9148 [egg-schedule]: register schedule D:\AllCode\svntest\node_modules\egg-logrotator\app\schedule\clean_log.js
2019-09-30 09:14:35,095 INFO 9148 [egg-schedule]: register schedule D:\AllCode\svntest\node_modules\egg-logrotator\app\schedule\rotate_by_file.js
2019-09-30 09:14:39,918 INFO 8344 [egg-schedule]: register schedule D:\AllCode\svntest\node_modules\egg-multipart\app\schedule\clean_tmpdir.js
2019-09-30 09:14:39,918 INFO 8344 [egg-schedule]: register schedule D:\AllCode\svntest\node_modules\egg-logrotator\app\schedule\clean_log.js
2019-09-30 09:14:39,918 INFO 8344 [egg-schedule]: register schedule D:\AllCode\svntest\node_modules\egg-logrotator\app\schedule\rotate_by_file.js
2019-09-30 09:14:41,920 INFO 11876 [egg-schedule]: register schedule D:\AllCode\svntest\node_modules\egg-multipart\app\schedule\clean_tmpdir.js
2019-09-30 09:14:41,920 INFO 11876 [egg-schedule]: register schedule D:\AllCode\svntest\node_modules\egg-logrotator\app\schedule\clean_log.js
2019-09-30 09:14:41,920 INFO 11876 [egg-schedule]: register schedule D:\AllCode\svntest\node_modules\egg-logrotator\app\schedule\rotate_by_file.js
2019-09-30 09:14:59,909 INFO 15024 [egg-schedule]: register schedule D:\AllCode\svntest\node_modules\egg-multipart\app\schedule\clean_tmpdir.js
2019-09-30 09:14:59,909 INFO 15024 [egg-schedule]: register schedule D:\AllCode\svntest\node_modules\egg-logrotator\app\schedule\clean_log.js
2019-09-30 09:14:59,909 INFO 15024 [egg-schedule]: register schedule D:\AllCode\svntest\node_modules\egg-logrotator\app\schedule\rotate_by_file.js
2019-09-30 09:15:31,149 INFO 4836 [egg-schedule]: register schedule D:\AllCode\svntest\node_modules\egg-multipart\app\schedule\clean_tmpdir.js
2019-09-30 09:15:31,149 INFO 4836 [egg-schedule]: register schedule D:\AllCode\svntest\node_modules\egg-logrotator\app\schedule\clean_log.js
2019-09-30 09:15:31,150 INFO 4836 [egg-schedule]: register schedule D:\AllCode\svntest\node_modules\egg-logrotator\app\schedule\rotate_by_file.js
2019-09-30 09:15:33,182 INFO 8940 [egg-schedule]: register schedule D:\AllCode\svntest\node_modules\egg-multipart\app\schedule\clean_tmpdir.js
2019-09-30 09:15:33,182 INFO 8940 [egg-schedule]: register schedule D:\AllCode\svntest\node_modules\egg-logrotator\app\schedule\clean_log.js
2019-09-30 09:15:33,182 INFO 8940 [egg-schedule]: register schedule D:\AllCode\svntest\node_modules\egg-logrotator\app\schedule\rotate_by_file.js
2019-09-30 09:15:40,179 INFO 5152 [egg-schedule]: register schedule D:\AllCode\svntest\node_modules\egg-multipart\app\schedule\clean_tmpdir.js
2019-09-30 09:15:40,179 INFO 5152 [egg-schedule]: register schedule D:\AllCode\svntest\node_modules\egg-logrotator\app\schedule\clean_log.js
2019-09-30 09:15:40,179 INFO 5152 [egg-schedule]: register schedule D:\AllCode\svntest\node_modules\egg-logrotator\app\schedule\rotate_by_file.js
2019-09-30 09:16:38,291 INFO 11172 [egg-schedule]: register schedule D:\AllCode\svntest\node_modules\egg-multipart\app\schedule\clean_tmpdir.js
2019-09-30 09:16:38,291 INFO 11172 [egg-schedule]: register schedule D:\AllCode\svntest\node_modules\egg-logrotator\app\schedule\clean_log.js
2019-09-30 09:16:38,291 INFO 11172 [egg-schedule]: register schedule D:\AllCode\svntest\node_modules\egg-logrotator\app\schedule\rotate_by_file.js
2019-09-30 09:16:41,139 INFO 18124 [egg-schedule]: register schedule D:\AllCode\svntest\node_modules\egg-multipart\app\schedule\clean_tmpdir.js
2019-09-30 09:16:41,139 INFO 18124 [egg-schedule]: register schedule D:\AllCode\svntest\node_modules\egg-logrotator\app\schedule\clean_log.js
2019-09-30 09:16:41,139 INFO 18124 [egg-schedule]: register schedule D:\AllCode\svntest\node_modules\egg-logrotator\app\schedule\rotate_by_file.js
2019-09-30 09:17:09,132 INFO 11304 [egg-schedule]: register schedule D:\AllCode\svntest\node_modules\egg-multipart\app\schedule\clean_tmpdir.js
2019-09-30 09:17:09,133 INFO 11304 [egg-schedule]: register schedule D:\AllCode\svntest\node_modules\egg-logrotator\app\schedule\clean_log.js
2019-09-30 09:17:09,133 INFO 11304 [egg-schedule]: register schedule D:\AllCode\svntest\node_modules\egg-logrotator\app\schedule\rotate_by_file.js
2019-09-30 09:17:11,372 INFO 14344 [egg-schedule]: register schedule D:\AllCode\svntest\node_modules\egg-multipart\app\schedule\clean_tmpdir.js
2019-09-30 09:17:11,372 INFO 14344 [egg-schedule]: register schedule D:\AllCode\svntest\node_modules\egg-logrotator\app\schedule\clean_log.js
2019-09-30 09:17:11,372 INFO 14344 [egg-schedule]: register schedule D:\AllCode\svntest\node_modules\egg-logrotator\app\schedule\rotate_by_file.js
2019-09-30 09:17:47,407 INFO 6464 [egg-schedule]: register schedule D:\AllCode\svntest\node_modules\egg-multipart\app\schedule\clean_tmpdir.js
2019-09-30 09:17:47,407 INFO 6464 [egg-schedule]: register schedule D:\AllCode\svntest\node_modules\egg-logrotator\app\schedule\clean_log.js
2019-09-30 09:17:47,407 INFO 6464 [egg-schedule]: register schedule D:\AllCode\svntest\node_modules\egg-logrotator\app\schedule\rotate_by_file.js
2019-09-30 09:17:49,467 INFO 18920 [egg-schedule]: register schedule D:\AllCode\svntest\node_modules\egg-multipart\app\schedule\clean_tmpdir.js
2019-09-30 09:17:49,467 INFO 18920 [egg-schedule]: register schedule D:\AllCode\svntest\node_modules\egg-logrotator\app\schedule\clean_log.js
2019-09-30 09:17:49,467 INFO 18920 [egg-schedule]: register schedule D:\AllCode\svntest\node_modules\egg-logrotator\app\schedule\rotate_by_file.js
2019-09-30 09:17:52,812 INFO 10260 [egg-schedule]: register schedule D:\AllCode\svntest\node_modules\egg-multipart\app\schedule\clean_tmpdir.js
2019-09-30 09:17:52,812 INFO 10260 [egg-schedule]: register schedule D:\AllCode\svntest\node_modules\egg-logrotator\app\schedule\clean_log.js
2019-09-30 09:17:52,812 INFO 10260 [egg-schedule]: register schedule D:\AllCode\svntest\node_modules\egg-logrotator\app\schedule\rotate_by_file.js
2019-09-30 09:18:20,988 INFO 14340 [egg-schedule]: register schedule D:\AllCode\svntest\node_modules\egg-multipart\app\schedule\clean_tmpdir.js
2019-09-30 09:18:20,988 INFO 14340 [egg-schedule]: register schedule D:\AllCode\svntest\node_modules\egg-logrotator\app\schedule\clean_log.js
2019-09-30 09:18:20,988 INFO 14340 [egg-schedule]: register schedule D:\AllCode\svntest\node_modules\egg-logrotator\app\schedule\rotate_by_file.js
2019-09-30 09:18:28,005 INFO 7188 [egg-schedule]: register schedule D:\AllCode\svntest\node_modules\egg-multipart\app\schedule\clean_tmpdir.js
2019-09-30 09:18:28,005 INFO 7188 [egg-schedule]: register schedule D:\AllCode\svntest\node_modules\egg-logrotator\app\schedule\clean_log.js
2019-09-30 09:18:28,005 INFO 7188 [egg-schedule]: register schedule D:\AllCode\svntest\node_modules\egg-logrotator\app\schedule\rotate_by_file.js
2019-09-30 09:18:32,809 INFO 14772 [egg-schedule]: register schedule D:\AllCode\svntest\node_modules\egg-multipart\app\schedule\clean_tmpdir.js
2019-09-30 09:18:32,809 INFO 14772 [egg-schedule]: register schedule D:\AllCode\svntest\node_modules\egg-logrotator\app\schedule\clean_log.js
2019-09-30 09:18:32,809 INFO 14772 [egg-schedule]: register schedule D:\AllCode\svntest\node_modules\egg-logrotator\app\schedule\rotate_by_file.js
2019-09-30 09:18:42,406 INFO 16184 [egg-schedule]: register schedule D:\AllCode\svntest\node_modules\egg-multipart\app\schedule\clean_tmpdir.js
2019-09-30 09:18:42,406 INFO 16184 [egg-schedule]: register schedule D:\AllCode\svntest\node_modules\egg-logrotator\app\schedule\clean_log.js
2019-09-30 09:18:42,406 INFO 16184 [egg-schedule]: register schedule D:\AllCode\svntest\node_modules\egg-logrotator\app\schedule\rotate_by_file.js
2019-09-30 09:18:47,138 INFO 10660 [egg-schedule]: register schedule D:\AllCode\svntest\node_modules\egg-multipart\app\schedule\clean_tmpdir.js
2019-09-30 09:18:47,138 INFO 10660 [egg-schedule]: register schedule D:\AllCode\svntest\node_modules\egg-logrotator\app\schedule\clean_log.js
2019-09-30 09:18:47,138 INFO 10660 [egg-schedule]: register schedule D:\AllCode\svntest\node_modules\egg-logrotator\app\schedule\rotate_by_file.js
2019-09-30 09:18:52,344 INFO 8440 [egg-schedule]: register schedule D:\AllCode\svntest\node_modules\egg-multipart\app\schedule\clean_tmpdir.js
2019-09-30 09:18:52,344 INFO 8440 [egg-schedule]: register schedule D:\AllCode\svntest\node_modules\egg-logrotator\app\schedule\clean_log.js
2019-09-30 09:18:52,344 INFO 8440 [egg-schedule]: register schedule D:\AllCode\svntest\node_modules\egg-logrotator\app\schedule\rotate_by_file.js
2019-09-30 09:19:12,703 INFO 10052 [egg-schedule]: register schedule D:\AllCode\svntest\node_modules\egg-multipart\app\schedule\clean_tmpdir.js
2019-09-30 09:19:12,703 INFO 10052 [egg-schedule]: register schedule D:\AllCode\svntest\node_modules\egg-logrotator\app\schedule\clean_log.js
2019-09-30 09:19:12,703 INFO 10052 [egg-schedule]: register schedule D:\AllCode\svntest\node_modules\egg-logrotator\app\schedule\rotate_by_file.js
2019-09-30 09:19:27,074 INFO 19252 [egg-schedule]: register schedule D:\AllCode\svntest\node_modules\egg-multipart\app\schedule\clean_tmpdir.js
2019-09-30 09:19:27,074 INFO 19252 [egg-schedule]: register schedule D:\AllCode\svntest\node_modules\egg-logrotator\app\schedule\clean_log.js
2019-09-30 09:19:27,074 INFO 19252 [egg-schedule]: register schedule D:\AllCode\svntest\node_modules\egg-logrotator\app\schedule\rotate_by_file.js
2019-09-30 09:20:22,568 INFO 16524 [egg-schedule]: register schedule D:\AllCode\svntest\node_modules\egg-multipart\app\schedule\clean_tmpdir.js
2019-09-30 09:20:22,568 INFO 16524 [egg-schedule]: register schedule D:\AllCode\svntest\node_modules\egg-logrotator\app\schedule\clean_log.js
2019-09-30 09:20:22,568 INFO 16524 [egg-schedule]: register schedule D:\AllCode\svntest\node_modules\egg-logrotator\app\schedule\rotate_by_file.js
2019-09-30 09:20:24,615 INFO 17456 [egg-schedule]: register schedule D:\AllCode\svntest\node_modules\egg-multipart\app\schedule\clean_tmpdir.js
2019-09-30 09:20:24,615 INFO 17456 [egg-schedule]: register schedule D:\AllCode\svntest\node_modules\egg-logrotator\app\schedule\clean_log.js
2019-09-30 09:20:24,615 INFO 17456 [egg-schedule]: register schedule D:\AllCode\svntest\node_modules\egg-logrotator\app\schedule\rotate_by_file.js
2019-09-30 09:20:57,153 INFO 9152 [egg-schedule]: register schedule D:\AllCode\svntest\node_modules\egg-multipart\app\schedule\clean_tmpdir.js
2019-09-30 09:20:57,153 INFO 9152 [egg-schedule]: register schedule D:\AllCode\svntest\node_modules\egg-logrotator\app\schedule\clean_log.js
2019-09-30 09:20:57,153 INFO 9152 [egg-schedule]: register schedule D:\AllCode\svntest\node_modules\egg-logrotator\app\schedule\rotate_by_file.js
2019-09-30 09:27:01,490 INFO 19340 [egg-schedule]: register schedule D:\AllCode\svntest\node_modules\egg-multipart\app\schedule\clean_tmpdir.js
2019-09-30 09:27:01,490 INFO 19340 [egg-schedule]: register schedule D:\AllCode\svntest\node_modules\egg-logrotator\app\schedule\clean_log.js
2019-09-30 09:27:01,490 INFO 19340 [egg-schedule]: register schedule D:\AllCode\svntest\node_modules\egg-logrotator\app\schedule\rotate_by_file.js
2019-09-30 09:27:10,107 INFO 7856 [egg-schedule]: register schedule D:\AllCode\svntest\node_modules\egg-multipart\app\schedule\clean_tmpdir.js
2019-09-30 09:27:10,107 INFO 7856 [egg-schedule]: register schedule D:\AllCode\svntest\node_modules\egg-logrotator\app\schedule\clean_log.js
2019-09-30 09:27:10,107 INFO 7856 [egg-schedule]: register schedule D:\AllCode\svntest\node_modules\egg-logrotator\app\schedule\rotate_by_file.js
2019-09-30 09:27:12,227 INFO 13448 [egg-schedule]: register schedule D:\AllCode\svntest\node_modules\egg-multipart\app\schedule\clean_tmpdir.js
2019-09-30 09:27:12,227 INFO 13448 [egg-schedule]: register schedule D:\AllCode\svntest\node_modules\egg-logrotator\app\schedule\clean_log.js
2019-09-30 09:27:12,227 INFO 13448 [egg-schedule]: register schedule D:\AllCode\svntest\node_modules\egg-logrotator\app\schedule\rotate_by_file.js
2019-09-30 09:28:47,668 INFO 18336 [egg-schedule]: register schedule D:\AllCode\svntest\node_modules\egg-multipart\app\schedule\clean_tmpdir.js
2019-09-30 09:28:47,668 INFO 18336 [egg-schedule]: register schedule D:\AllCode\svntest\node_modules\egg-logrotator\app\schedule\clean_log.js
2019-09-30 09:28:47,668 INFO 18336 [egg-schedule]: register schedule D:\AllCode\svntest\node_modules\egg-logrotator\app\schedule\rotate_by_file.js
2019-09-30 09:29:20,403 INFO 4100 [egg-schedule]: register schedule D:\AllCode\svntest\node_modules\egg-multipart\app\schedule\clean_tmpdir.js
2019-09-30 09:29:20,403 INFO 4100 [egg-schedule]: register schedule D:\AllCode\svntest\node_modules\egg-logrotator\app\schedule\clean_log.js
2019-09-30 09:29:20,403 INFO 4100 [egg-schedule]: register schedule D:\AllCode\svntest\node_modules\egg-logrotator\app\schedule\rotate_by_file.js
2019-09-30 09:29:26,587 INFO 16440 [egg-schedule]: register schedule D:\AllCode\svntest\node_modules\egg-multipart\app\schedule\clean_tmpdir.js
2019-09-30 09:29:26,587 INFO 16440 [egg-schedule]: register schedule D:\AllCode\svntest\node_modules\egg-logrotator\app\schedule\clean_log.js
2019-09-30 09:29:26,587 INFO 16440 [egg-schedule]: register schedule D:\AllCode\svntest\node_modules\egg-logrotator\app\schedule\rotate_by_file.js
2019-09-30 09:29:41,273 INFO 17572 [egg-schedule]: register schedule D:\AllCode\svntest\node_modules\egg-multipart\app\schedule\clean_tmpdir.js
2019-09-30 09:29:41,273 INFO 17572 [egg-schedule]: register schedule D:\AllCode\svntest\node_modules\egg-logrotator\app\schedule\clean_log.js
2019-09-30 09:29:41,273 INFO 17572 [egg-schedule]: register schedule D:\AllCode\svntest\node_modules\egg-logrotator\app\schedule\rotate_by_file.js
2019-09-30 09:29:44,719 INFO 16640 [egg-schedule]: register schedule D:\AllCode\svntest\node_modules\egg-multipart\app\schedule\clean_tmpdir.js
2019-09-30 09:29:44,719 INFO 16640 [egg-schedule]: register schedule D:\AllCode\svntest\node_modules\egg-logrotator\app\schedule\clean_log.js
2019-09-30 09:29:44,719 INFO 16640 [egg-schedule]: register schedule D:\AllCode\svntest\node_modules\egg-logrotator\app\schedule\rotate_by_file.js
2019-09-30 09:29:46,835 INFO 16576 [egg-schedule]: register schedule D:\AllCode\svntest\node_modules\egg-multipart\app\schedule\clean_tmpdir.js
2019-09-30 09:29:46,835 INFO 16576 [egg-schedule]: register schedule D:\AllCode\svntest\node_modules\egg-logrotator\app\schedule\clean_log.js
2019-09-30 09:29:46,835 INFO 16576 [egg-schedule]: register schedule D:\AllCode\svntest\node_modules\egg-logrotator\app\schedule\rotate_by_file.js
2019-09-30 09:33:09,686 INFO 6560 [egg-schedule]: register schedule D:\AllCode\svntest\node_modules\egg-multipart\app\schedule\clean_tmpdir.js
2019-09-30 09:33:09,686 INFO 6560 [egg-schedule]: register schedule D:\AllCode\svntest\node_modules\egg-logrotator\app\schedule\clean_log.js
2019-09-30 09:33:09,686 INFO 6560 [egg-schedule]: register schedule D:\AllCode\svntest\node_modules\egg-logrotator\app\schedule\rotate_by_file.js
2019-09-30 09:34:31,019 INFO 11108 [egg-schedule]: register schedule D:\AllCode\svntest\node_modules\egg-multipart\app\schedule\clean_tmpdir.js
2019-09-30 09:34:31,019 INFO 11108 [egg-schedule]: register schedule D:\AllCode\svntest\node_modules\egg-logrotator\app\schedule\clean_log.js
2019-09-30 09:34:31,019 INFO 11108 [egg-schedule]: register schedule D:\AllCode\svntest\node_modules\egg-logrotator\app\schedule\rotate_by_file.js
2019-09-30 09:34:33,056 INFO 3220 [egg-schedule]: register schedule D:\AllCode\svntest\node_modules\egg-multipart\app\schedule\clean_tmpdir.js
2019-09-30 09:34:33,056 INFO 3220 [egg-schedule]: register schedule D:\AllCode\svntest\node_modules\egg-logrotator\app\schedule\clean_log.js
2019-09-30 09:34:33,056 INFO 3220 [egg-schedule]: register schedule D:\AllCode\svntest\node_modules\egg-logrotator\app\schedule\rotate_by_file.js
2019-09-30 09:35:37,469 INFO 10748 [egg-schedule]: register schedule D:\AllCode\svntest\node_modules\egg-multipart\app\schedule\clean_tmpdir.js
2019-09-30 09:35:37,469 INFO 10748 [egg-schedule]: register schedule D:\AllCode\svntest\node_modules\egg-logrotator\app\schedule\clean_log.js
2019-09-30 09:35:37,469 INFO 10748 [egg-schedule]: register schedule D:\AllCode\svntest\node_modules\egg-logrotator\app\schedule\rotate_by_file.js
2019-09-30 09:35:38,467 INFO 8948 [Timer] D:\AllCode\svntest\node_modules\egg-multipart\app\schedule\clean_tmpdir.js next time will execute after 68061537ms at 2019-10-01 04:30:00.004
2019-09-30 09:35:38,468 INFO 8948 [Timer] D:\AllCode\svntest\node_modules\egg-logrotator\app\schedule\clean_log.js next time will execute after 51861532ms at 2019-10-01 00:00:00.000
2019-09-30 09:35:38,469 INFO 8948 [Timer] D:\AllCode\svntest\node_modules\egg-logrotator\app\schedule\rotate_by_file.js next time will execute after 51862532ms at 2019-10-01 00:00:01.001
2019-09-30 09:55:49,626 INFO 16784 [egg-schedule]: register schedule D:\AllCode\svntest\node_modules\egg-multipart\app\schedule\clean_tmpdir.js
2019-09-30 09:55:49,626 INFO 16784 [egg-schedule]: register schedule D:\AllCode\svntest\node_modules\egg-logrotator\app\schedule\clean_log.js
2019-09-30 09:55:49,626 INFO 16784 [egg-schedule]: register schedule D:\AllCode\svntest\node_modules\egg-logrotator\app\schedule\rotate_by_file.js
2019-09-30 09:55:50,567 INFO 8920 [Timer] D:\AllCode\svntest\node_modules\egg-multipart\app\schedule\clean_tmpdir.js next time will execute after 66849437ms at 2019-10-01 04:30:00.004
2019-09-30 09:55:50,568 INFO 8920 [Timer] D:\AllCode\svntest\node_modules\egg-logrotator\app\schedule\clean_log.js next time will execute after 50649432ms at 2019-10-01 00:00:00.000
2019-09-30 09:55:50,569 INFO 8920 [Timer] D:\AllCode\svntest\node_modules\egg-logrotator\app\schedule\rotate_by_file.js next time will execute after 50650432ms at 2019-10-01 00:00:01.001
2019-09-30 09:56:34,034 INFO 4100 [egg-schedule]: register schedule D:\AllCode\svntest\node_modules\egg-multipart\app\schedule\clean_tmpdir.js
2019-09-30 09:56:34,034 INFO 4100 [egg-schedule]: register schedule D:\AllCode\svntest\node_modules\egg-logrotator\app\schedule\clean_log.js
2019-09-30 09:56:34,034 INFO 4100 [egg-schedule]: register schedule D:\AllCode\svntest\node_modules\egg-logrotator\app\schedule\rotate_by_file.js
2019-09-30 09:56:36,078 INFO 5356 [egg-schedule]: register schedule D:\AllCode\svntest\node_modules\egg-multipart\app\schedule\clean_tmpdir.js
2019-09-30 09:56:36,078 INFO 5356 [egg-schedule]: register schedule D:\AllCode\svntest\node_modules\egg-logrotator\app\schedule\clean_log.js
2019-09-30 09:56:36,078 INFO 5356 [egg-schedule]: register schedule D:\AllCode\svntest\node_modules\egg-logrotator\app\schedule\rotate_by_file.js
2019-09-30 09:57:16,216 INFO 5236 [egg-schedule]: register schedule D:\AllCode\svntest\node_modules\egg-multipart\app\schedule\clean_tmpdir.js
2019-09-30 09:57:16,216 INFO 5236 [egg-schedule]: register schedule D:\AllCode\svntest\node_modules\egg-logrotator\app\schedule\clean_log.js
2019-09-30 09:57:16,216 INFO 5236 [egg-schedule]: register schedule D:\AllCode\svntest\node_modules\egg-logrotator\app\schedule\rotate_by_file.js
2019-09-30 09:57:18,240 INFO 9200 [egg-schedule]: register schedule D:\AllCode\svntest\node_modules\egg-multipart\app\schedule\clean_tmpdir.js
2019-09-30 09:57:18,240 INFO 9200 [egg-schedule]: register schedule D:\AllCode\svntest\node_modules\egg-logrotator\app\schedule\clean_log.js
2019-09-30 09:57:18,240 INFO 9200 [egg-schedule]: register schedule D:\AllCode\svntest\node_modules\egg-logrotator\app\schedule\rotate_by_file.js
2019-09-30 09:57:20,206 INFO 18168 [egg-schedule]: register schedule D:\AllCode\svntest\node_modules\egg-multipart\app\schedule\clean_tmpdir.js
2019-09-30 09:57:20,206 INFO 18168 [egg-schedule]: register schedule D:\AllCode\svntest\node_modules\egg-logrotator\app\schedule\clean_log.js
2019-09-30 09:57:20,206 INFO 18168 [egg-schedule]: register schedule D:\AllCode\svntest\node_modules\egg-logrotator\app\schedule\rotate_by_file.js
2019-09-30 09:57:40,184 INFO 9272 [egg-schedule]: register schedule D:\AllCode\svntest\node_modules\egg-multipart\app\schedule\clean_tmpdir.js
2019-09-30 09:57:40,184 INFO 9272 [egg-schedule]: register schedule D:\AllCode\svntest\node_modules\egg-logrotator\app\schedule\clean_log.js
2019-09-30 09:57:40,184 INFO 9272 [egg-schedule]: register schedule D:\AllCode\svntest\node_modules\egg-logrotator\app\schedule\rotate_by_file.js
2019-09-30 09:57:42,198 INFO 4568 [egg-schedule]: register schedule D:\AllCode\svntest\node_modules\egg-multipart\app\schedule\clean_tmpdir.js
2019-09-30 09:57:42,198 INFO 4568 [egg-schedule]: register schedule D:\AllCode\svntest\node_modules\egg-logrotator\app\schedule\clean_log.js
2019-09-30 09:57:42,198 INFO 4568 [egg-schedule]: register schedule D:\AllCode\svntest\node_modules\egg-logrotator\app\schedule\rotate_by_file.js
2019-09-30 09:59:41,207 INFO 15672 [egg-schedule]: register schedule D:\AllCode\svntest\node_modules\egg-multipart\app\schedule\clean_tmpdir.js
2019-09-30 09:59:41,207 INFO 15672 [egg-schedule]: register schedule D:\AllCode\svntest\node_modules\egg-logrotator\app\schedule\clean_log.js
2019-09-30 09:59:41,207 INFO 15672 [egg-schedule]: register schedule D:\AllCode\svntest\node_modules\egg-logrotator\app\schedule\rotate_by_file.js
2019-09-30 09:59:42,247 INFO 10044 [Timer] D:\AllCode\svntest\node_modules\egg-multipart\app\schedule\clean_tmpdir.js next time will execute after 66617758ms at 2019-10-01 04:30:00.004
2019-09-30 09:59:42,247 INFO 10044 [Timer] D:\AllCode\svntest\node_modules\egg-logrotator\app\schedule\clean_log.js next time will execute after 50417753ms at 2019-10-01 00:00:00.000
2019-09-30 09:59:42,248 INFO 10044 [Timer] D:\AllCode\svntest\node_modules\egg-logrotator\app\schedule\rotate_by_file.js next time will execute after 50418753ms at 2019-10-01 00:00:01.001
2019-09-30 10:01:45,159 INFO 8568 [egg-schedule]: register schedule D:\AllCode\svntest\node_modules\egg-multipart\app\schedule\clean_tmpdir.js
2019-09-30 10:01:45,159 INFO 8568 [egg-schedule]: register schedule D:\AllCode\svntest\node_modules\egg-logrotator\app\schedule\clean_log.js
2019-09-30 10:01:45,159 INFO 8568 [egg-schedule]: register schedule D:\AllCode\svntest\node_modules\egg-logrotator\app\schedule\rotate_by_file.js
2019-09-30 10:03:07,219 INFO 6736 [egg-schedule]: register schedule D:\AllCode\svntest\node_modules\egg-multipart\app\schedule\clean_tmpdir.js
2019-09-30 10:03:07,219 INFO 6736 [egg-schedule]: register schedule D:\AllCode\svntest\node_modules\egg-logrotator\app\schedule\clean_log.js
2019-09-30 10:03:07,219 INFO 6736 [egg-schedule]: register schedule D:\AllCode\svntest\node_modules\egg-logrotator\app\schedule\rotate_by_file.js
2019-09-30 10:03:09,274 INFO 18280 [egg-schedule]: register schedule D:\AllCode\svntest\node_modules\egg-multipart\app\schedule\clean_tmpdir.js
2019-09-30 10:03:09,274 INFO 18280 [egg-schedule]: register schedule D:\AllCode\svntest\node_modules\egg-logrotator\app\schedule\clean_log.js
2019-09-30 10:03:09,274 INFO 18280 [egg-schedule]: register schedule D:\AllCode\svntest\node_modules\egg-logrotator\app\schedule\rotate_by_file.js
2019-09-30 10:03:37,312 INFO 6676 [egg-schedule]: register schedule D:\AllCode\svntest\node_modules\egg-multipart\app\schedule\clean_tmpdir.js
2019-09-30 10:03:37,312 INFO 6676 [egg-schedule]: register schedule D:\AllCode\svntest\node_modules\egg-logrotator\app\schedule\clean_log.js
2019-09-30 10:03:37,312 INFO 6676 [egg-schedule]: register schedule D:\AllCode\svntest\node_modules\egg-logrotator\app\schedule\rotate_by_file.js
2019-09-30 10:03:38,203 INFO 10664 [Timer] D:\AllCode\svntest\node_modules\egg-multipart\app\schedule\clean_tmpdir.js next time will execute after 66381801ms at 2019-10-01 04:30:00.004
2019-09-30 10:03:38,204 INFO 10664 [Timer] D:\AllCode\svntest\node_modules\egg-logrotator\app\schedule\clean_log.js next time will execute after 50181797ms at 2019-10-01 00:00:00.001
2019-09-30 10:03:38,204 INFO 10664 [Timer] D:\AllCode\svntest\node_modules\egg-logrotator\app\schedule\rotate_by_file.js next time will execute after 50182796ms at 2019-10-01 00:00:01.000
2019-09-30 10:04:53,344 INFO 7936 [egg-schedule]: register schedule D:\AllCode\svntest\node_modules\egg-multipart\app\schedule\clean_tmpdir.js
2019-09-30 10:04:53,344 INFO 7936 [egg-schedule]: register schedule D:\AllCode\svntest\node_modules\egg-logrotator\app\schedule\clean_log.js
2019-09-30 10:04:53,344 INFO 7936 [egg-schedule]: register schedule D:\AllCode\svntest\node_modules\egg-logrotator\app\schedule\rotate_by_file.js
2019-09-30 10:04:55,582 INFO 7688 [egg-schedule]: register schedule D:\AllCode\svntest\node_modules\egg-multipart\app\schedule\clean_tmpdir.js
2019-09-30 10:04:55,582 INFO 7688 [egg-schedule]: register schedule D:\AllCode\svntest\node_modules\egg-logrotator\app\schedule\clean_log.js
2019-09-30 10:04:55,583 INFO 7688 [egg-schedule]: register schedule D:\AllCode\svntest\node_modules\egg-logrotator\app\schedule\rotate_by_file.js
2019-09-30 10:13:50,205 INFO 6648 [egg-schedule]: register schedule D:\AllCode\svntest\node_modules\egg-multipart\app\schedule\clean_tmpdir.js
2019-09-30 10:13:50,205 INFO 6648 [egg-schedule]: register schedule D:\AllCode\svntest\node_modules\egg-logrotator\app\schedule\clean_log.js
2019-09-30 10:13:50,205 INFO 6648 [egg-schedule]: register schedule D:\AllCode\svntest\node_modules\egg-logrotator\app\schedule\rotate_by_file.js
2019-09-30 10:13:52,281 INFO 6000 [egg-schedule]: register schedule D:\AllCode\svntest\node_modules\egg-multipart\app\schedule\clean_tmpdir.js
2019-09-30 10:13:52,281 INFO 6000 [egg-schedule]: register schedule D:\AllCode\svntest\node_modules\egg-logrotator\app\schedule\clean_log.js
2019-09-30 10:13:52,281 INFO 6000 [egg-schedule]: register schedule D:\AllCode\svntest\node_modules\egg-logrotator\app\schedule\rotate_by_file.js
2019-09-30 10:15:02,854 INFO 17904 [egg-schedule]: register schedule D:\AllCode\svntest\node_modules\egg-multipart\app\schedule\clean_tmpdir.js
2019-09-30 10:15:02,854 INFO 17904 [egg-schedule]: register schedule D:\AllCode\svntest\node_modules\egg-logrotator\app\schedule\clean_log.js
2019-09-30 10:15:02,854 INFO 17904 [egg-schedule]: register schedule D:\AllCode\svntest\node_modules\egg-logrotator\app\schedule\rotate_by_file.js
2019-09-30 10:15:05,121 INFO 16836 [egg-schedule]: register schedule D:\AllCode\svntest\node_modules\egg-multipart\app\schedule\clean_tmpdir.js
2019-09-30 10:15:05,121 INFO 16836 [egg-schedule]: register schedule D:\AllCode\svntest\node_modules\egg-logrotator\app\schedule\clean_log.js
2019-09-30 10:15:05,121 INFO 16836 [egg-schedule]: register schedule D:\AllCode\svntest\node_modules\egg-logrotator\app\schedule\rotate_by_file.js
2019-09-30 10:15:07,145 INFO 1896 [egg-schedule]: register schedule D:\AllCode\svntest\node_modules\egg-multipart\app\schedule\clean_tmpdir.js
2019-09-30 10:15:07,145 INFO 1896 [egg-schedule]: register schedule D:\AllCode\svntest\node_modules\egg-logrotator\app\schedule\clean_log.js
2019-09-30 10:15:07,145 INFO 1896 [egg-schedule]: register schedule D:\AllCode\svntest\node_modules\egg-logrotator\app\schedule\rotate_by_file.js
2019-09-30 10:18:09,521 INFO 17456 [egg-schedule]: register schedule D:\AllCode\svntest\node_modules\egg-multipart\app\schedule\clean_tmpdir.js
2019-09-30 10:18:09,521 INFO 17456 [egg-schedule]: register schedule D:\AllCode\svntest\node_modules\egg-logrotator\app\schedule\clean_log.js
2019-09-30 10:18:09,521 INFO 17456 [egg-schedule]: register schedule D:\AllCode\svntest\node_modules\egg-logrotator\app\schedule\rotate_by_file.js
2019-09-30 10:18:11,650 INFO 16472 [egg-schedule]: register schedule D:\AllCode\svntest\node_modules\egg-multipart\app\schedule\clean_tmpdir.js
2019-09-30 10:18:11,650 INFO 16472 [egg-schedule]: register schedule D:\AllCode\svntest\node_modules\egg-logrotator\app\schedule\clean_log.js
2019-09-30 10:18:11,650 INFO 16472 [egg-schedule]: register schedule D:\AllCode\svntest\node_modules\egg-logrotator\app\schedule\rotate_by_file.js
2019-09-30 10:18:48,910 INFO 15264 [egg-schedule]: register schedule D:\AllCode\svntest\node_modules\egg-multipart\app\schedule\clean_tmpdir.js
2019-09-30 10:18:48,911 INFO 15264 [egg-schedule]: register schedule D:\AllCode\svntest\node_modules\egg-logrotator\app\schedule\clean_log.js
2019-09-30 10:18:48,911 INFO 15264 [egg-schedule]: register schedule D:\AllCode\svntest\node_modules\egg-logrotator\app\schedule\rotate_by_file.js
2019-09-30 10:18:50,981 INFO 13064 [egg-schedule]: register schedule D:\AllCode\svntest\node_modules\egg-multipart\app\schedule\clean_tmpdir.js
2019-09-30 10:18:50,981 INFO 13064 [egg-schedule]: register schedule D:\AllCode\svntest\node_modules\egg-logrotator\app\schedule\clean_log.js
2019-09-30 10:18:50,981 INFO 13064 [egg-schedule]: register schedule D:\AllCode\svntest\node_modules\egg-logrotator\app\schedule\rotate_by_file.js
2019-09-30 10:19:05,461 INFO 13872 [egg-schedule]: register schedule D:\AllCode\svntest\node_modules\egg-multipart\app\schedule\clean_tmpdir.js
2019-09-30 10:19:05,461 INFO 13872 [egg-schedule]: register schedule D:\AllCode\svntest\node_modules\egg-logrotator\app\schedule\clean_log.js
2019-09-30 10:19:05,461 INFO 13872 [egg-schedule]: register schedule D:\AllCode\svntest\node_modules\egg-logrotator\app\schedule\rotate_by_file.js
2019-09-30 10:22:01,306 INFO 13180 [egg-schedule]: register schedule D:\AllCode\svntest\node_modules\egg-multipart\app\schedule\clean_tmpdir.js
2019-09-30 10:22:01,306 INFO 13180 [egg-schedule]: register schedule D:\AllCode\svntest\node_modules\egg-logrotator\app\schedule\clean_log.js
2019-09-30 10:22:01,306 INFO 13180 [egg-schedule]: register schedule D:\AllCode\svntest\node_modules\egg-logrotator\app\schedule\rotate_by_file.js
2019-09-30 10:22:02,172 INFO 16036 [Timer] D:\AllCode\svntest\node_modules\egg-multipart\app\schedule\clean_tmpdir.js next time will execute after 65277832ms at 2019-10-01 04:30:00.004
2019-09-30 10:22:02,173 INFO 16036 [Timer] D:\AllCode\svntest\node_modules\egg-logrotator\app\schedule\clean_log.js next time will execute after 49077828ms at 2019-10-01 00:00:00.001
2019-09-30 10:22:02,173 INFO 16036 [Timer] D:\AllCode\svntest\node_modules\egg-logrotator\app\schedule\rotate_by_file.js next time will execute after 49078827ms at 2019-10-01 00:00:01.000
2019-09-30 10:28:02,057 INFO 15740 [egg-schedule]: register schedule D:\AllCode\svntest\node_modules\egg-multipart\app\schedule\clean_tmpdir.js
2019-09-30 10:28:02,057 INFO 15740 [egg-schedule]: register schedule D:\AllCode\svntest\node_modules\egg-logrotator\app\schedule\clean_log.js
2019-09-30 10:28:02,057 INFO 15740 [egg-schedule]: register schedule D:\AllCode\svntest\node_modules\egg-logrotator\app\schedule\rotate_by_file.js
2019-09-30 10:52:09,526 INFO 10308 [egg-schedule]: register schedule D:\AllCode\svntest\node_modules\egg-multipart\app\schedule\clean_tmpdir.js
2019-09-30 10:52:09,526 INFO 10308 [egg-schedule]: register schedule D:\AllCode\svntest\node_modules\egg-logrotator\app\schedule\clean_log.js
2019-09-30 10:52:09,526 INFO 10308 [egg-schedule]: register schedule D:\AllCode\svntest\node_modules\egg-logrotator\app\schedule\rotate_by_file.js
2019-09-30 10:52:16,931 INFO 10844 [egg-schedule]: register schedule D:\AllCode\svntest\node_modules\egg-multipart\app\schedule\clean_tmpdir.js
2019-09-30 10:52:16,931 INFO 10844 [egg-schedule]: register schedule D:\AllCode\svntest\node_modules\egg-logrotator\app\schedule\clean_log.js
2019-09-30 10:52:16,931 INFO 10844 [egg-schedule]: register schedule D:\AllCode\svntest\node_modules\egg-logrotator\app\schedule\rotate_by_file.js
2019-09-30 10:52:22,816 INFO 556 [egg-schedule]: register schedule D:\AllCode\svntest\node_modules\egg-multipart\app\schedule\clean_tmpdir.js
2019-09-30 10:52:22,817 INFO 556 [egg-schedule]: register schedule D:\AllCode\svntest\node_modules\egg-logrotator\app\schedule\clean_log.js
2019-09-30 10:52:22,817 INFO 556 [egg-schedule]: register schedule D:\AllCode\svntest\node_modules\egg-logrotator\app\schedule\rotate_by_file.js
2019-09-30 10:52:55,471 INFO 11744 [egg-schedule]: register schedule D:\AllCode\svntest\node_modules\egg-multipart\app\schedule\clean_tmpdir.js
2019-09-30 10:52:55,471 INFO 11744 [egg-schedule]: register schedule D:\AllCode\svntest\node_modules\egg-logrotator\app\schedule\clean_log.js
2019-09-30 10:52:55,471 INFO 11744 [egg-schedule]: register schedule D:\AllCode\svntest\node_modules\egg-logrotator\app\schedule\rotate_by_file.js
2019-09-30 10:57:52,096 INFO 15024 [egg-schedule]: register schedule D:\AllCode\svntest\node_modules\egg-multipart\app\schedule\clean_tmpdir.js
2019-09-30 10:57:52,096 INFO 15024 [egg-schedule]: register schedule D:\AllCode\svntest\node_modules\egg-logrotator\app\schedule\clean_log.js
2019-09-30 10:57:52,096 INFO 15024 [egg-schedule]: register schedule D:\AllCode\svntest\node_modules\egg-logrotator\app\schedule\rotate_by_file.js
2019-09-30 10:58:03,712 INFO 5216 [egg-schedule]: register schedule D:\AllCode\svntest\node_modules\egg-multipart\app\schedule\clean_tmpdir.js
2019-09-30 10:58:03,712 INFO 5216 [egg-schedule]: register schedule D:\AllCode\svntest\node_modules\egg-logrotator\app\schedule\clean_log.js
2019-09-30 10:58:03,712 INFO 5216 [egg-schedule]: register schedule D:\AllCode\svntest\node_modules\egg-logrotator\app\schedule\rotate_by_file.js
2019-09-30 10:58:06,009 INFO 372 [egg-schedule]: register schedule D:\AllCode\svntest\node_modules\egg-multipart\app\schedule\clean_tmpdir.js
2019-09-30 10:58:06,009 INFO 372 [egg-schedule]: register schedule D:\AllCode\svntest\node_modules\egg-logrotator\app\schedule\clean_log.js
2019-09-30 10:58:06,009 INFO 372 [egg-schedule]: register schedule D:\AllCode\svntest\node_modules\egg-logrotator\app\schedule\rotate_by_file.js
2019-09-30 10:58:39,208 INFO 9784 [egg-schedule]: register schedule D:\AllCode\svntest\node_modules\egg-multipart\app\schedule\clean_tmpdir.js
2019-09-30 10:58:39,208 INFO 9784 [egg-schedule]: register schedule D:\AllCode\svntest\node_modules\egg-logrotator\app\schedule\clean_log.js
2019-09-30 10:58:39,208 INFO 9784 [egg-schedule]: register schedule D:\AllCode\svntest\node_modules\egg-logrotator\app\schedule\rotate_by_file.js
2019-09-30 10:58:41,341 INFO 14196 [egg-schedule]: register schedule D:\AllCode\svntest\node_modules\egg-multipart\app\schedule\clean_tmpdir.js
2019-09-30 10:58:41,341 INFO 14196 [egg-schedule]: register schedule D:\AllCode\svntest\node_modules\egg-logrotator\app\schedule\clean_log.js
2019-09-30 10:58:41,341 INFO 14196 [egg-schedule]: register schedule D:\AllCode\svntest\node_modules\egg-logrotator\app\schedule\rotate_by_file.js
2019-09-30 11:08:49,940 INFO 12040 [egg-schedule]: register schedule D:\AllCode\svntest\node_modules\egg-multipart\app\schedule\clean_tmpdir.js
2019-09-30 11:08:49,940 INFO 12040 [egg-schedule]: register schedule D:\AllCode\svntest\node_modules\egg-logrotator\app\schedule\clean_log.js
2019-09-30 11:08:49,940 INFO 12040 [egg-schedule]: register schedule D:\AllCode\svntest\node_modules\egg-logrotator\app\schedule\rotate_by_file.js
2019-09-30 11:09:01,896 INFO 14268 [egg-schedule]: register schedule D:\AllCode\svntest\node_modules\egg-multipart\app\schedule\clean_tmpdir.js
2019-09-30 11:09:01,896 INFO 14268 [egg-schedule]: register schedule D:\AllCode\svntest\node_modules\egg-logrotator\app\schedule\clean_log.js
2019-09-30 11:09:01,896 INFO 14268 [egg-schedule]: register schedule D:\AllCode\svntest\node_modules\egg-logrotator\app\schedule\rotate_by_file.js
2019-09-30 11:09:02,802 INFO 15204 [Timer] D:\AllCode\svntest\node_modules\egg-multipart\app\schedule\clean_tmpdir.js next time will execute after 62457202ms at 2019-10-01 04:30:00.004
2019-09-30 11:09:02,802 INFO 15204 [Timer] D:\AllCode\svntest\node_modules\egg-logrotator\app\schedule\clean_log.js next time will execute after 46257198ms at 2019-10-01 00:00:00.000
2019-09-30 11:09:02,803 INFO 15204 [Timer] D:\AllCode\svntest\node_modules\egg-logrotator\app\schedule\rotate_by_file.js next time will execute after 46258198ms at 2019-10-01 00:00:01.001
2019-09-30 11:11:28,131 INFO 2648 [egg-schedule]: register schedule D:\AllCode\svntest\node_modules\egg-multipart\app\schedule\clean_tmpdir.js
2019-09-30 11:11:28,131 INFO 2648 [egg-schedule]: register schedule D:\AllCode\svntest\node_modules\egg-logrotator\app\schedule\clean_log.js
2019-09-30 11:11:28,131 INFO 2648 [egg-schedule]: register schedule D:\AllCode\svntest\node_modules\egg-logrotator\app\schedule\rotate_by_file.js
2019-09-30 11:11:30,386 INFO 17068 [egg-schedule]: register schedule D:\AllCode\svntest\node_modules\egg-multipart\app\schedule\clean_tmpdir.js
2019-09-30 11:11:30,386 INFO 17068 [egg-schedule]: register schedule D:\AllCode\svntest\node_modules\egg-logrotator\app\schedule\clean_log.js
2019-09-30 11:11:30,386 INFO 17068 [egg-schedule]: register schedule D:\AllCode\svntest\node_modules\egg-logrotator\app\schedule\rotate_by_file.js
2019-09-30 11:13:51,180 INFO 9636 [egg-schedule]: register schedule D:\AllCode\svntest\node_modules\egg-multipart\app\schedule\clean_tmpdir.js
2019-09-30 11:13:51,180 INFO 9636 [egg-schedule]: register schedule D:\AllCode\svntest\node_modules\egg-logrotator\app\schedule\clean_log.js
2019-09-30 11:13:51,180 INFO 9636 [egg-schedule]: register schedule D:\AllCode\svntest\node_modules\egg-logrotator\app\schedule\rotate_by_file.js
2019-09-30 11:14:01,035 INFO 12072 [egg-schedule]: register schedule D:\AllCode\svntest\node_modules\egg-multipart\app\schedule\clean_tmpdir.js
2019-09-30 11:14:01,035 INFO 12072 [egg-schedule]: register schedule D:\AllCode\svntest\node_modules\egg-logrotator\app\schedule\clean_log.js
2019-09-30 11:14:01,035 INFO 12072 [egg-schedule]: register schedule D:\AllCode\svntest\node_modules\egg-logrotator\app\schedule\rotate_by_file.js
2019-09-30 11:14:01,923 INFO 9348 [Timer] D:\AllCode\svntest\node_modules\egg-multipart\app\schedule\clean_tmpdir.js next time will execute after 62158082ms at 2019-10-01 04:30:00.005
2019-09-30 11:14:01,923 INFO 9348 [Timer] D:\AllCode\svntest\node_modules\egg-logrotator\app\schedule\clean_log.js next time will execute after 45958077ms at 2019-10-01 00:00:00.000
2019-09-30 11:14:01,924 INFO 9348 [Timer] D:\AllCode\svntest\node_modules\egg-logrotator\app\schedule\rotate_by_file.js next time will execute after 45959077ms at 2019-10-01 00:00:01.001
2019-09-30 11:18:33,513 INFO 17912 [egg-schedule]: register schedule D:\AllCode\svntest\node_modules\egg-multipart\app\schedule\clean_tmpdir.js
2019-09-30 11:18:33,513 INFO 17912 [egg-schedule]: register schedule D:\AllCode\svntest\node_modules\egg-logrotator\app\schedule\clean_log.js
2019-09-30 11:18:33,513 INFO 17912 [egg-schedule]: register schedule D:\AllCode\svntest\node_modules\egg-logrotator\app\schedule\rotate_by_file.js
2019-09-30 11:18:42,503 INFO 9360 [egg-schedule]: register schedule D:\AllCode\svntest\node_modules\egg-multipart\app\schedule\clean_tmpdir.js
2019-09-30 11:18:42,503 INFO 9360 [egg-schedule]: register schedule D:\AllCode\svntest\node_modules\egg-logrotator\app\schedule\clean_log.js
2019-09-30 11:18:42,503 INFO 9360 [egg-schedule]: register schedule D:\AllCode\svntest\node_modules\egg-logrotator\app\schedule\rotate_by_file.js
2019-09-30 11:18:44,496 INFO 1784 [egg-schedule]: register schedule D:\AllCode\svntest\node_modules\egg-multipart\app\schedule\clean_tmpdir.js
2019-09-30 11:18:44,496 INFO 1784 [egg-schedule]: register schedule D:\AllCode\svntest\node_modules\egg-logrotator\app\schedule\clean_log.js
2019-09-30 11:18:44,496 INFO 1784 [egg-schedule]: register schedule D:\AllCode\svntest\node_modules\egg-logrotator\app\schedule\rotate_by_file.js
2019-09-30 11:18:59,986 INFO 8152 [egg-schedule]: register schedule D:\AllCode\svntest\node_modules\egg-multipart\app\schedule\clean_tmpdir.js
2019-09-30 11:18:59,986 INFO 8152 [egg-schedule]: register schedule D:\AllCode\svntest\node_modules\egg-logrotator\app\schedule\clean_log.js
2019-09-30 11:18:59,986 INFO 8152 [egg-schedule]: register schedule D:\AllCode\svntest\node_modules\egg-logrotator\app\schedule\rotate_by_file.js
2019-09-30 11:19:03,422 INFO 14004 [egg-schedule]: register schedule D:\AllCode\svntest\node_modules\egg-multipart\app\schedule\clean_tmpdir.js
2019-09-30 11:19:03,422 INFO 14004 [egg-schedule]: register schedule D:\AllCode\svntest\node_modules\egg-logrotator\app\schedule\clean_log.js
2019-09-30 11:19:03,422 INFO 14004 [egg-schedule]: register schedule D:\AllCode\svntest\node_modules\egg-logrotator\app\schedule\rotate_by_file.js
2019-09-30 11:19:07,344 INFO 7752 [egg-schedule]: register schedule D:\AllCode\svntest\node_modules\egg-multipart\app\schedule\clean_tmpdir.js
2019-09-30 11:19:07,344 INFO 7752 [egg-schedule]: register schedule D:\AllCode\svntest\node_modules\egg-logrotator\app\schedule\clean_log.js
2019-09-30 11:19:07,344 INFO 7752 [egg-schedule]: register schedule D:\AllCode\svntest\node_modules\egg-logrotator\app\schedule\rotate_by_file.js
2019-09-30 11:19:20,049 INFO 12736 [egg-schedule]: register schedule D:\AllCode\svntest\node_modules\egg-multipart\app\schedule\clean_tmpdir.js
2019-09-30 11:19:20,049 INFO 12736 [egg-schedule]: register schedule D:\AllCode\svntest\node_modules\egg-logrotator\app\schedule\clean_log.js
2019-09-30 11:19:20,049 INFO 12736 [egg-schedule]: register schedule D:\AllCode\svntest\node_modules\egg-logrotator\app\schedule\rotate_by_file.js
2019-09-30 11:19:51,798 INFO 4540 [egg-schedule]: register schedule D:\AllCode\svntest\node_modules\egg-multipart\app\schedule\clean_tmpdir.js
2019-09-30 11:19:51,798 INFO 4540 [egg-schedule]: register schedule D:\AllCode\svntest\node_modules\egg-logrotator\app\schedule\clean_log.js
2019-09-30 11:19:51,798 INFO 4540 [egg-schedule]: register schedule D:\AllCode\svntest\node_modules\egg-logrotator\app\schedule\rotate_by_file.js
2019-09-30 11:19:53,829 INFO 13964 [egg-schedule]: register schedule D:\AllCode\svntest\node_modules\egg-multipart\app\schedule\clean_tmpdir.js
2019-09-30 11:19:53,829 INFO 13964 [egg-schedule]: register schedule D:\AllCode\svntest\node_modules\egg-logrotator\app\schedule\clean_log.js
2019-09-30 11:19:53,829 INFO 13964 [egg-schedule]: register schedule D:\AllCode\svntest\node_modules\egg-logrotator\app\schedule\rotate_by_file.js
2019-09-30 13:34:01,327 INFO 13376 [egg-schedule]: register schedule D:\AllCode\svntest\node_modules\egg-multipart\app\schedule\clean_tmpdir.js
2019-09-30 13:34:01,327 INFO 13376 [egg-schedule]: register schedule D:\AllCode\svntest\node_modules\egg-logrotator\app\schedule\clean_log.js
2019-09-30 13:34:01,327 INFO 13376 [egg-schedule]: register schedule D:\AllCode\svntest\node_modules\egg-logrotator\app\schedule\rotate_by_file.js
2019-09-30 13:34:04,223 INFO 14464 [egg-schedule]: register schedule D:\AllCode\svntest\node_modules\egg-multipart\app\schedule\clean_tmpdir.js
2019-09-30 13:34:04,223 INFO 14464 [egg-schedule]: register schedule D:\AllCode\svntest\node_modules\egg-logrotator\app\schedule\clean_log.js
2019-09-30 13:34:04,223 INFO 14464 [egg-schedule]: register schedule D:\AllCode\svntest\node_modules\egg-logrotator\app\schedule\rotate_by_file.js
2019-09-30 13:34:06,488 INFO 12780 [egg-schedule]: register schedule D:\AllCode\svntest\node_modules\egg-multipart\app\schedule\clean_tmpdir.js
2019-09-30 13:34:06,488 INFO 12780 [egg-schedule]: register schedule D:\AllCode\svntest\node_modules\egg-logrotator\app\schedule\clean_log.js
2019-09-30 13:34:06,488 INFO 12780 [egg-schedule]: register schedule D:\AllCode\svntest\node_modules\egg-logrotator\app\schedule\rotate_by_file.js
2019-09-30 13:34:11,952 INFO 12152 [egg-schedule]: register schedule D:\AllCode\svntest\node_modules\egg-multipart\app\schedule\clean_tmpdir.js
2019-09-30 13:34:11,952 INFO 12152 [egg-schedule]: register schedule D:\AllCode\svntest\node_modules\egg-logrotator\app\schedule\clean_log.js
2019-09-30 13:34:11,952 INFO 12152 [egg-schedule]: register schedule D:\AllCode\svntest\node_modules\egg-logrotator\app\schedule\rotate_by_file.js
2019-09-30 13:34:15,920 INFO 13856 [egg-schedule]: register schedule D:\AllCode\svntest\node_modules\egg-multipart\app\schedule\clean_tmpdir.js
2019-09-30 13:34:15,920 INFO 13856 [egg-schedule]: register schedule D:\AllCode\svntest\node_modules\egg-logrotator\app\schedule\clean_log.js
2019-09-30 13:34:15,920 INFO 13856 [egg-schedule]: register schedule D:\AllCode\svntest\node_modules\egg-logrotator\app\schedule\rotate_by_file.js
2019-09-30 13:34:50,324 INFO 5540 [egg-schedule]: register schedule D:\AllCode\svntest\node_modules\egg-multipart\app\schedule\clean_tmpdir.js
2019-09-30 13:34:50,324 INFO 5540 [egg-schedule]: register schedule D:\AllCode\svntest\node_modules\egg-logrotator\app\schedule\clean_log.js
2019-09-30 13:34:50,324 INFO 5540 [egg-schedule]: register schedule D:\AllCode\svntest\node_modules\egg-logrotator\app\schedule\rotate_by_file.js
2019-09-30 13:37:10,738 INFO 6872 [egg-schedule]: register schedule D:\AllCode\svntest\node_modules\egg-multipart\app\schedule\clean_tmpdir.js
2019-09-30 13:37:10,738 INFO 6872 [egg-schedule]: register schedule D:\AllCode\svntest\node_modules\egg-logrotator\app\schedule\clean_log.js
2019-09-30 13:37:10,738 INFO 6872 [egg-schedule]: register schedule D:\AllCode\svntest\node_modules\egg-logrotator\app\schedule\rotate_by_file.js
2019-09-30 13:37:12,877 INFO 5828 [egg-schedule]: register schedule D:\AllCode\svntest\node_modules\egg-multipart\app\schedule\clean_tmpdir.js
2019-09-30 13:37:12,877 INFO 5828 [egg-schedule]: register schedule D:\AllCode\svntest\node_modules\egg-logrotator\app\schedule\clean_log.js
2019-09-30 13:37:12,877 INFO 5828 [egg-schedule]: register schedule D:\AllCode\svntest\node_modules\egg-logrotator\app\schedule\rotate_by_file.js
2019-09-30 13:37:18,718 INFO 5336 [egg-schedule]: register schedule D:\AllCode\svntest\node_modules\egg-multipart\app\schedule\clean_tmpdir.js
2019-09-30 13:37:18,718 INFO 5336 [egg-schedule]: register schedule D:\AllCode\svntest\node_modules\egg-logrotator\app\schedule\clean_log.js
2019-09-30 13:37:18,719 INFO 5336 [egg-schedule]: register schedule D:\AllCode\svntest\node_modules\egg-logrotator\app\schedule\rotate_by_file.js
2019-09-30 13:38:27,892 INFO 5236 [egg-schedule]: register schedule D:\AllCode\svntest\node_modules\egg-multipart\app\schedule\clean_tmpdir.js
2019-09-30 13:38:27,892 INFO 5236 [egg-schedule]: register schedule D:\AllCode\svntest\node_modules\egg-logrotator\app\schedule\clean_log.js
2019-09-30 13:38:27,892 INFO 5236 [egg-schedule]: register schedule D:\AllCode\svntest\node_modules\egg-logrotator\app\schedule\rotate_by_file.js
2019-09-30 13:47:00,120 INFO 5116 [egg-schedule]: register schedule D:\AllCode\svntest\node_modules\egg-multipart\app\schedule\clean_tmpdir.js
2019-09-30 13:47:00,120 INFO 5116 [egg-schedule]: register schedule D:\AllCode\svntest\node_modules\egg-logrotator\app\schedule\clean_log.js
2019-09-30 13:47:00,120 INFO 5116 [egg-schedule]: register schedule D:\AllCode\svntest\node_modules\egg-logrotator\app\schedule\rotate_by_file.js
